Memory module initialized successfully 

Check memory allocation with kmalloc:

=======================================================================
|          Order|          Bytes|    Alloc time(ns)|  Freeing time(ns)|
=======================================================================
|              0|              1|             21187|             19346|
|              1|              2|              2506|              1034|
|              2|              4|              1370|               791|
|              3|              8|              1825|               898|
|              4|             16|              2719|              1065|
|              5|             32|              1452|              5213|
|              6|             64|              1978|              2805|
|              7|            128|              3256|              1286|
|              8|            256|              7316|              1218|
|              9|            512|              3079|              1987|
|             10|           1024|              1935|               854|
|             11|           2048|            249777|             83814|
|             12|           4096|              5090|              2307|
|             13|           8192|              2914|              1715|
|             14|          16384|             73148|             32706|
|             15|          32768|              8498|              3602|
|             16|          65536|              8374|              7981|
|             17|         131072|              5109|              3570|
|             18|         262144|              9125|              5210|
|             19|         524288|             10249|              6295|
|             20|        1048576|             11274|              7718|
|             21|        2097152|             23138|             11781|
|             22|        4194304|             33459|             17619|
=======================================================================

Check memory allocation with kzalloc:

=======================================================================
|          Order|          Bytes|    Alloc time(ns)|  Freeing time(ns)|
=======================================================================
|              0|              1|             25728|              2139|
|              1|              2|              8850|              3641|
|              2|              4|              4612|              1540|
|              3|              8|              3622|              1324|
|              4|             16|              7389|               898|
|              5|             32|              2154|               830|
|              6|             64|              2468|              1125|
|              7|            128|            181647|               986|
|              8|            256|              2634|               829|
|              9|            512|              2089|               727|
|             10|           1024|              4705|              1698|
|             11|           2048|              5039|              1592|
|             12|           4096|              4548|               932|
|             13|           8192|              8996|              1030|
|             14|          16384|            143346|              6914|
|             15|          32768|             27306|              2445|
|             16|          65536|            751424|             14946|
|             17|         131072|           1524508|             18476|
|             18|         262144|           1092645|              7148|
|             19|         524288|           4079443|             17824|
|             20|        1048576|           8113155|             16549|
|             21|        2097152|           1763447|             18691|
|             22|        4194304|           3270561|             50469|
=======================================================================

Check memory allocation with vmalloc:

=======================================================================
|          Order|          Bytes|    Alloc time(ns)|  Freeing time(ns)|
=======================================================================
|              0|              1|          12862171|             60039|
|              1|              2|             36211|             11254|
|              2|              4|             17562|              9831|
|              3|              8|             16466|              8468|
|              4|             16|             21050|             12776|
|              5|             32|           1529289|             42342|
|              6|             64|             37422|             10906|
|              7|            128|             11565|              8031|
|              8|            256|              9627|              6802|
|              9|            512|           1191474|             40419|
|             10|           1024|             32365|             11217|
|             11|           2048|             18840|             13431|
|             12|           4096|             31548|             19845|
|             13|           8192|           2279032|             38817|
|             14|          16384|             32558|             17337|
|             15|          32768|            863808|             34414|
|             16|          65536|             42729|             20889|
|             17|         131072|             98768|             66681|
|             18|         262144|            130345|            112892|
|             19|         524288|           1751906|            109287|
|             20|        1048576|            171271|            133159|
|             21|        2097152|           1635803|            355445|
|             22|        4194304|            911704|           4116453|
|             23|        8388608|           1772514|           3135137|
|             24|       16777216|           4518955|           4367630|
|             25|       33554432|           9117252|           6996117|
|             26|       67108864|          15919862|          13818341|
insmod: vmalloc error: size 134217728, exceeds total pages, mode:0xcc0(GFP_KERNEL), nodemask=(null)
CPU: 0 PID: 167 Comm: insmod Tainted: G        W  O      5.15.0 #1
Hardware name: QEMU Standard PC (i440FX + PIIX, 1996), BIOS rel-1.14.0-0-g155821a1990b-prebuilt.qemu.org 04/01/2014
Call Trace:
 dump_stack_lvl+0x38/0x49
 dump_stack+0x10/0x12
 warn_alloc.cold+0x69/0xcd
 __vmalloc_node_range+0x27d/0x320
 ? vprintk_default+0x18/0x20
 ? vprintk+0x49/0x60
 __vmalloc_node+0x43/0x60
 ? check_memory_allocation+0xcc/0x19c [module_memory]
 vmalloc+0x1c/0x20
 check_memory_allocation+0xcc/0x19c [module_memory]
 ? 0xffffffffc028b000
 memory_module_start+0x4f/0x1000 [module_memory]
 do_one_initcall+0x3c/0x160
 ? __vunmap+0x1e6/0x280
 ? kmem_cache_alloc+0x20/0x160
 do_init_module+0x58/0x250
 load_module+0x2275/0x2540
 __do_sys_finit_module+0xa4/0xd0
 __x64_sys_finit_module+0x15/0x20
 do_syscall_64+0x43/0x90
 entry_SYSCALL_64_after_hwframe+0x44/0xae
RIP: 0033:0x7fb41eabbd07
Code: 48 89 57 30 48 8b 04 24 48 89 47 38 e9 fb 9f 02 00 48 89 f8 48 89 f7 48 89 d6 48 89 ca 4d 89 c2 4d 89 c8 4c 8b 4c 24 08 0f 05 <48> 3d 01 f0 ff ff 0f 83 39 fd ff ff c3 48 c7 c6 01 00 00 00 e9 a1
RSP: 002b:00007ffdb37dddc8 EFLAGS: 00000246 ORIG_RAX: 0000000000000139
RAX: ffffffffffffffda RBX: 000055e648c4c000 RCX: 00007fb41eabbd07
RDX: 0000000000000000 RSI: 000055e648cf8010 RDI: 0000000000000003
RBP: 0000000000000003 R08: 0000000000000000 R09: 0000000000000000
R10: 000055e648cf8010 R11: 0000000000000246 R12: 000055e648cf8010
R13: 0000000000000000 R14: 00007ffdb37dff42 R15: 0000000000000000
Mem-Info:
active_anon:64 inactive_anon:153 isolated_anon:0
 active_file:444 inactive_file:39 isolated_file:0
 unevictable:0 dirty:0 writeback:0
 slab_reclaimable:157 slab_unreclaimable:1347
 mapped:313 shmem:66 pagetables:54 bounce:0
 kernel_misc_reclaimable:0
 free:23852 free_pcp:287 free_cma:0
Node 0 active_anon:256kB inactive_anon:612kB active_file:1776kB inactive_file:156kB unevictable:0kB isolated(anon):0kB isolated(file):0kB mapped:1252kB dirty:0kB writeback:0kB shmem:264kB writeback_tmp:0kB kernel_stack:624kB pagetables:216kB all_unreclaimable? no
DMA free:15360kB min:184kB low:228kB high:272kB reserved_highatomic:0KB active_anon:0kB inactive_anon:0kB active_file:0kB inactive_file:0kB unevictable:0kB writepending:0kB present:15992kB managed:15360kB mlocked:0kB bounce:0kB free_pcp:0kB local_pcp:0kB free_cma:0kB
lowmem_reserve[]: 0 91 91 91
DMA32 free:80048kB min:1132kB low:1412kB high:1692kB reserved_highatomic:0KB active_anon:256kB inactive_anon:612kB active_file:1776kB inactive_file:156kB unevictable:0kB writepending:0kB present:114548kB managed:96896kB mlocked:0kB bounce:0kB free_pcp:1148kB local_pcp:1148kB free_cma:0kB
lowmem_reserve[]: 0 0 0 0
DMA: 0*4kB 0*8kB 0*16kB 0*32kB 0*64kB 0*128kB 0*256kB 0*512kB 1*1024kB (U) 1*2048kB (U) 3*4096kB (M) = 15360kB
DMA32: 44*4kB (UE) 38*8kB (UME) 29*16kB (UM) 36*32kB (UM) 30*64kB (UM) 28*128kB (UME) 27*256kB (UME) 24*512kB (UM) 18*1024kB (UME) 7*2048kB (UME) 5*4096kB (U) = 80048kB
549 total pagecache pages
0 pages in swap cache
Swap cache stats: add 0, delete 0, find 0/0
Free swap  = 0kB
Total swap = 0kB
32635 pages RAM
0 pages HighMem/MovableOnly
4571 pages reserved
=======================================================================

Check memory allocation with get_free_pages:

=======================================================================
|          Order|          Bytes|    Alloc time(ns)|  Freeing time(ns)|
=======================================================================
|              0|           4096|             50725|             43416|
|              1|           8192|             11302|              5393|
|              2|          16384|              5513|              3176|
|              3|          32768|             33375|             11740|
|              4|          65536|             59994|             11836|
|              5|         131072|             27522|             12616|
|              6|         262144|              8293|             10500|
|              7|         524288|              8916|              6212|
|              8|        1048576|              6670|              7619|
|              9|        2097152|             18262|             10967|
|             10|        4194304|             19168|             16471|
=======================================================================
Memory module removed successfully 